<?xml version="1.0" encoding="UTF-8"?>
<testsuite name="CountryInfoService.TestSuite1" tests="21" failures="0" errors="0" time="7.531"><properties>
[...]
</properties><testcase name="CapitalCity TestCase" time="0.878"><properties/></testcase><testcase name="CountriesUsingCurrency TestCase" time="0.219"><properties/></testcase><testcase name="CountryCurrency TestCase" time="0.225"><properties/></testcase><testcase name="CountryFlag TestCase" time="0.232"><properties/></testcase><testcase name="CountryIntPhoneCode TestCase" time="0.666"><properties/></testcase><testcase name="CountryISOCode TestCase" time="0.224"><properties/></testcase><testcase name="CountryName TestCase" time="0.275"><properties/></testcase><testcase name="CurrencyName TestCase" time="0.226"><properties/></testcase><testcase name="FullCountryInfo TestCase" time="0.233"><properties/></testcase><testcase name="FullCountryInfoAllCountries TestCase" time="0.741"><properties/></testcase><testcase name="LanguageISOCode TestCase" time="0.259"><properties/></testcase><testcase name="LanguageName TestCase" time="0.275"><properties/></testcase><testcase name="ListOfContinentsByCode TestCase" time="0.236"><properties/></testcase><testcase name="ListOfContinentsByName TestCase" time="0.359"><properties/></testcase><testcase name="ListOfCountryNamesByCode TestCase" time="0.492"><properties/></testcase><testcase name="ListOfCountryNamesByName TestCase" time="0.432"><properties/></testcase><testcase name="ListOfCountryNamesGroupedByContinent TestCase" time="0.37"><properties/></testcase><testcase name="ListOfCurrenciesByCode TestCase" time="0.252"><properties/></testcase><testcase name="ListOfCurrenciesByName TestCase" time="0.258"><properties/></testcase><testcase name="ListOfLanguagesByCode TestCase" time="0.324"><properties/></testcase><testcase name="ListOfLanguagesByName TestCase" time="0.355"><properties/></testcase></testsuite>